\BOOKMARK [1][-]{section.1}{Introduction}{}% 1
\BOOKMARK [1][-]{section.2}{The Fundamental Theorem}{}% 2
\BOOKMARK [1][-]{section.3}{Computing Integrals with Sage \(\)}{}% 3
\BOOKMARK [1][-]{section.4}{An Interesting Corollary}{}% 4
\BOOKMARK [2][-]{subsection.4.1}{Second Version of FTC}{section.4}% 5
\BOOKMARK [2][-]{subsection.4.2}{A Pedagogical Note}{section.4}% 6
\BOOKMARK [3][-]{subsubsection.4.2.1}{Symbolic and Numerical Integrals}{subsection.4.2}% 7
\BOOKMARK [3][-]{subsubsection.4.2.2}{}{subsection.4.2}% 8
\BOOKMARK [3][-]{subsubsection.4.2.3}{Advice}{subsection.4.2}% 9
\BOOKMARK [3][-]{subsubsection.4.2.4}{Exercises}{subsection.4.2}% 10
\BOOKMARK [2][-]{subsection.4.3}{Theorem-Like Environments}{section.4}% 11
\BOOKMARK [2][-]{subsection.4.4}{Linking Sage Cells}{section.4}% 12
\BOOKMARK [2][-]{subsection.4.5}{Hierarchy}{section.4}% 13
\BOOKMARK [2][-]{subsection.4.6}{Introductions and Conclusions}{section.4}% 14
\BOOKMARK [3][-]{subsubsection.4.6.1}{Test One}{subsection.4.6}% 15
\BOOKMARK [3][-]{subsubsection.4.6.2}{Test Two}{subsection.4.6}% 16
\BOOKMARK [2][-]{subsection.4.7}{Some Paragraph-Level Markup}{section.4}% 17
\BOOKMARK [1][-]{section.5}{Some Facts and Figures}{}% 18
\BOOKMARK [1][-]{section.6}{Some Advanced Ideas}{}% 19
\BOOKMARK [1][-]{section.7}{Mathematics}{}% 20
\BOOKMARK [2][-]{subsection.7.1}{Basic Mathematics}{section.7}% 21
\BOOKMARK [2][-]{subsection.7.2}{Displayed Mathematics}{section.7}% 22
\BOOKMARK [2][-]{subsection.7.3}{LaTeX Packages and MathJax Extensions}{section.7}% 23
\BOOKMARK [2][-]{subsection.7.4}{Advanced Mathematics}{section.7}% 24
\BOOKMARK [1][-]{section.8}{Special, Reserved, and Escape Characters}{}% 25
\BOOKMARK [2][-]{subsection.8.1}{Reserved Characters}{section.8}% 26
\BOOKMARK [2][-]{subsection.8.2}{Pseudo-Characters and Constructions}{section.8}% 27
\BOOKMARK [2][-]{subsection.8.3}{URLs}{section.8}% 28
\BOOKMARK [2][-]{subsection.8.4}{Quotations}{section.8}% 29
\BOOKMARK [2][-]{subsection.8.5}{Groupings}{section.8}% 30
\BOOKMARK [2][-]{subsection.8.6}{Biological Names}{section.8}% 31
\BOOKMARK [2][-]{subsection.8.7}{Verbatim in titles, \134a\046b\043c\045d\176e\173f\175g\044h\137i\136j, OK}{section.8}% 32
\BOOKMARK [1][-]{section.9}{Graphics}{}% 33
\BOOKMARK [2][-]{subsection.9.1}{LaTeX images}{section.9}% 34
\BOOKMARK [2][-]{subsection.9.2}{Placing Images without a Caption}{section.9}% 35
\BOOKMARK [2][-]{subsection.9.3}{Asymptote}{section.9}% 36
\BOOKMARK [2][-]{subsection.9.4}{Sage Plots}{section.9}% 37
\BOOKMARK [2][-]{subsection.9.5}{Images from External Sources}{section.9}% 38
\BOOKMARK [2][-]{subsection.9.6}{Copies of Images}{section.9}% 39
\BOOKMARK [2][-]{subsection.9.7}{Technical Details}{section.9}% 40
\BOOKMARK [2][-]{subsection.9.8}{Caption Testing}{section.9}% 41
\BOOKMARK [1][-]{section.10}{Demonstrations}{}% 42
\BOOKMARK [1][-]{section.11}{Further Reading}{}% 43
\BOOKMARK [2][-]{subsection.11.1}{Specialized Subdivisions}{section.11}% 44
\BOOKMARK [2][-]{subsection.11.2}{References}{section.11}% 45
\BOOKMARK [2][-]{subsection.11.3}{Exercises}{section.11}% 46
\BOOKMARK [2][-]{subsection.11.4}{More Exercises}{section.11}% 47
\BOOKMARK [1][-]{section.12}{List Calisthenics}{}% 48
\BOOKMARK [2][-]{subsection.12.1}{Lists, Generally}{section.12}% 49
\BOOKMARK [2][-]{subsection.12.2}{List Spacing, I}{section.12}% 50
\BOOKMARK [2][-]{subsection.12.3}{List Spacing, II}{section.12}% 51
\BOOKMARK [2][-]{subsection.12.4}{Exercises \(with lists\)}{section.12}% 52
\BOOKMARK [2][-]{subsection.12.5}{Description Lists}{section.12}% 53
\BOOKMARK [2][-]{subsection.12.6}{Named Lists}{section.12}% 54
\BOOKMARK [2][-]{subsection.12.7}{Testing List Decompositions}{section.12}% 55
\BOOKMARK [2][-]{subsection.12.8}{References \(with lists in Annotations\)}{section.12}% 56
\BOOKMARK [1][-]{section.13}{Table Calisthenics}{}% 57
\BOOKMARK [1][-]{section.14}{Embedded Interactive Elements}{}% 58
\BOOKMARK [2][-]{subsection.14.1}{GeoGebra}{section.14}% 59
\BOOKMARK [2][-]{subsection.14.2}{JSXGraph}{section.14}% 60
\BOOKMARK [1][-]{section.15}{Video}{}% 61
\BOOKMARK [1][-]{section.16}{Exercises}{}% 62
\BOOKMARK [1][-]{section.17}{Cross-Referencing}{}% 63
\BOOKMARK [1][-]{section.18}{Internationalization}{}% 64
\BOOKMARK [1][-]{section.19}{Pre-Formatted Text}{}% 65
\BOOKMARK [1][-]{section.20}{Program Listings}{}% 66
\BOOKMARK [1][-]{section.21}{Units of Measure}{}% 67
\BOOKMARK [1][-]{section.22}{Side-By-Side Panels}{}% 68
\BOOKMARK [2][-]{subsection.22.1}{Figures with Numbers Side-By-Side}{section.22}% 69
\BOOKMARK [2][-]{subsection.22.2}{Images}{section.22}% 70
\BOOKMARK [2][-]{subsection.22.3}{Common Side-By-Side Constructions}{section.22}% 71
\BOOKMARK [2][-]{subsection.22.4}{A Single Captionless Image}{section.22}% 72
\BOOKMARK [2][-]{subsection.22.5}{Vertical Alignment}{section.22}% 73
\BOOKMARK [2][-]{subsection.22.6}{Text Next to Text and Images}{section.22}% 74
\BOOKMARK [2][-]{subsection.22.7}{Image Formats, Side-by-Sides}{section.22}% 75
\BOOKMARK [2][-]{subsection.22.8}{Tables Side-By-Side}{section.22}% 76
\BOOKMARK [2][-]{subsection.22.9}{Tables Next to Figures}{section.22}% 77
\BOOKMARK [2][-]{subsection.22.10}{Tables Next to Text}{section.22}% 78
\BOOKMARK [2][-]{subsection.22.11}{Tabular Next to Each Other}{section.22}% 79
\BOOKMARK [2][-]{subsection.22.12}{Lists in Side-by-Sides}{section.22}% 80
\BOOKMARK [2][-]{subsection.22.13}{Other Panels}{section.22}% 81
\BOOKMARK [2][-]{subsection.22.14}{Poems as Side-By-Side Panels}{section.22}% 82
\BOOKMARK [2][-]{subsection.22.15}{Side-By-Side Groups}{section.22}% 83
\BOOKMARK [2][-]{subsection.22.16}{Testing Styling of Related Elements}{section.22}% 84
\BOOKMARK [1][-]{section.23}{Side-by-Side Gallery}{}% 85
\BOOKMARK [1][-]{section.24}{Poetry}{}% 86
\BOOKMARK [1][-]{section.25}{Advanced Numbering}{}% 87
\BOOKMARK [2][-]{subsection.25.1}{One}{section.25}% 88
\BOOKMARK [2][-]{subsection.25.2}{Two}{section.25}% 89
\BOOKMARK [3][-]{subsubsection.25.2.1}{Uno}{subsection.25.2}% 90
\BOOKMARK [3][-]{subsubsection.25.2.2}{Dos}{subsection.25.2}% 91
\BOOKMARK [2][-]{subsection.25.3}{Three}{section.25}% 92
\BOOKMARK [2][-]{subsection.25.4}{Four}{section.25}% 93
\BOOKMARK [3][-]{subsubsection.25.4.1}{Uno}{subsection.25.4}% 94
\BOOKMARK [3][-]{subsubsection.25.4.2}{Dos}{subsection.25.4}% 95
\BOOKMARK [2][-]{subsection.25.5}{Five}{section.25}% 96
\BOOKMARK [2][-]{subsection.25.6}{Theorems in This Section}{section.25}% 97
\BOOKMARK [2][-]{subsection.25.7}{A Title with ] a Right Bracket}{section.25}% 98
\BOOKMARK [1][-]{section.26}{Customizations}{}% 99
\BOOKMARK [2][-]{subsection.26.1}{Renaming Document Parts}{section.26}% 100
\BOOKMARK [1][-]{appendix.A}{Notation}{}% 101
\BOOKMARK [1][-]{appendix.B}{Solutions to Selected Exercises}{}% 102
\BOOKMARK [1][-]{appendix.C}{List of Results}{}% 103
\BOOKMARK [1][-]{appendix.D}{Index}{}% 104
\BOOKMARK [1][-]{section*.92}{References}{}% 105
\BOOKMARK [1][-]{section*.93}{Index}{}% 106
